2021-01-27T20:13:11.876-0700 [DEBUG] [org.gradle.launcher.daemon.bootstrap.DaemonMain] Assuming the daemon was started with following jvm opts: [--add-opens, java.base/java.util=ALL-UNNAMED, --add-opens, java.base/java.lang=ALL-UNNAMED, --add-opens, java.base/java.lang.invoke=ALL-UNNAMED, --add-opens, java.prefs/java.util.prefs=ALL-UNNAMED, -XX:MaxMetaspaceSize=256m, -XX:+HeapDumpOnOutOfMemoryError, -Xms256m, -Xmx512m, -Dfile.encoding=UTF-8, -Duser.country=US, -Duser.language=en, -Duser.variant]
2021-01-27T20:13:11.961-0700 [INFO] [org.gradle.launcher.daemon.server.Daemon] start() called on daemon - DefaultDaemonContext[uid=66d240bb-3631-41e3-8a90-25d37e8c753a,javaHome=/usr/lib/jvm/java-11-openjdk-amd64,daemonRegistryDir=/home/garrett/git/gradle/gradle-skilldrill/daemon,pid=295944,idleTimeout=10800000,priority=NORMAL,daemonOpts=--add-opens,java.base/java.util=ALL-UNNAMED,--add-opens,java.base/java.lang=ALL-UNNAMED,--add-opens,java.base/java.lang.invoke=ALL-UNNAMED,--add-opens,java.prefs/java.util.prefs=ALL-UNNAMED,-XX:MaxMetaspaceSize=256m,-XX:+HeapDumpOnOutOfMemoryError,-Xms256m,-Xmx512m,-Dfile.encoding=UTF-8,-Duser.country=US,-Duser.language=en,-Duser.variant]
2021-01-27T20:13:11.970-0700 [DEBUG] [org.gradle.internal.remote.internal.inet.InetAddresses] Adding IP addresses for network interface enp4s0
2021-01-27T20:13:11.970-0700 [DEBUG] [org.gradle.internal.remote.internal.inet.InetAddresses] Is this a loopback interface? false
2021-01-27T20:13:11.970-0700 [DEBUG] [org.gradle.internal.remote.internal.inet.InetAddresses] Adding remote address /fe80:0:0:0:fdef:3260:f72:44af%enp4s0
2021-01-27T20:13:11.970-0700 [DEBUG] [org.gradle.internal.remote.internal.inet.InetAddresses] Adding remote address /134.50.159.145
2021-01-27T20:13:11.970-0700 [DEBUG] [org.gradle.internal.remote.internal.inet.InetAddresses] Adding IP addresses for network interface lo
2021-01-27T20:13:11.972-0700 [DEBUG] [org.gradle.internal.remote.internal.inet.InetAddresses] Is this a loopback interface? true
2021-01-27T20:13:11.972-0700 [DEBUG] [org.gradle.internal.remote.internal.inet.InetAddresses] Adding loopback address /0:0:0:0:0:0:0:1%lo
2021-01-27T20:13:11.972-0700 [DEBUG] [org.gradle.internal.remote.internal.inet.InetAddresses] Adding loopback address /127.0.0.1
2021-01-27T20:13:11.973-0700 [DEBUG] [org.gradle.internal.remote.internal.inet.TcpIncomingConnector] Listening on [95411a03-1f6a-4cd7-81f6-c096c5968688 port:34041, addresses:[localhost/127.0.0.1]].
2021-01-27T20:13:11.976-0700 [DEBUG] [org.gradle.launcher.daemon.server.Daemon] Daemon starting at: Wed Jan 27 20:13:11 MST 2021, with address: [95411a03-1f6a-4cd7-81f6-c096c5968688 port:34041, addresses:[localhost/127.0.0.1]]
2021-01-27T20:13:11.976-0700 [INFO] [org.gradle.launcher.daemon.server.DaemonRegistryUpdater] Advertising the daemon address to the clients: [95411a03-1f6a-4cd7-81f6-c096c5968688 port:34041, addresses:[localhost/127.0.0.1]]
2021-01-27T20:13:11.977-0700 [DEBUG] [org.gradle.launcher.daemon.server.DaemonRegistryUpdater] Advertised daemon context: DefaultDaemonContext[uid=66d240bb-3631-41e3-8a90-25d37e8c753a,javaHome=/usr/lib/jvm/java-11-openjdk-amd64,daemonRegistryDir=/home/garrett/git/gradle/gradle-skilldrill/daemon,pid=295944,idleTimeout=10800000,priority=NORMAL,daemonOpts=--add-opens,java.base/java.util=ALL-UNNAMED,--add-opens,java.base/java.lang=ALL-UNNAMED,--add-opens,java.base/java.lang.invoke=ALL-UNNAMED,--add-opens,java.prefs/java.util.prefs=ALL-UNNAMED,-XX:MaxMetaspaceSize=256m,-XX:+HeapDumpOnOutOfMemoryError,-Xms256m,-Xmx512m,-Dfile.encoding=UTF-8,-Duser.country=US,-Duser.language=en,-Duser.variant]
2021-01-27T20:13:11.977-0700 [DEBUG] [org.gradle.launcher.daemon.registry.PersistentDaemonRegistry] Storing daemon address: [95411a03-1f6a-4cd7-81f6-c096c5968688 port:34041, addresses:[localhost/127.0.0.1]], context: DefaultDaemonContext[uid=66d240bb-3631-41e3-8a90-25d37e8c753a,javaHome=/usr/lib/jvm/java-11-openjdk-amd64,daemonRegistryDir=/home/garrett/git/gradle/gradle-skilldrill/daemon,pid=295944,idleTimeout=10800000,priority=NORMAL,daemonOpts=--add-opens,java.base/java.util=ALL-UNNAMED,--add-opens,java.base/java.lang=ALL-UNNAMED,--add-opens,java.base/java.lang.invoke=ALL-UNNAMED,--add-opens,java.prefs/java.util.prefs=ALL-UNNAMED,-XX:MaxMetaspaceSize=256m,-XX:+HeapDumpOnOutOfMemoryError,-Xms256m,-Xmx512m,-Dfile.encoding=UTF-8,-Duser.country=US,-Duser.language=en,-Duser.variant]
2021-01-27T20:13:11.981-0700 [DEBUG] [org.gradle.cache.internal.DefaultFileLockManager] Waiting to acquire exclusive lock on daemon addresses registry.
2021-01-27T20:13:11.982-0700 [DEBUG] [org.gradle.cache.internal.DefaultFileLockManager] Lock acquired on daemon addresses registry.
2021-01-27T20:13:11.984-0700 [DEBUG] [org.gradle.cache.internal.DefaultFileLockManager] Releasing lock on daemon addresses registry.
2021-01-27T20:13:11.985-0700 [LIFECYCLE] [org.gradle.launcher.daemon.server.Daemon] Daemon server started.
2021-01-27T20:13:11.985-0700 [DEBUG] [org.gradle.launcher.daemon.bootstrap.DaemonStartupCommunication] Completed writing the daemon greeting. Closing streams...
2021-01-27T20:13:11.987-0700 [DEBUG] [org.gradle.launcher.daemon.server.Daemon] stopOnExpiration() called on daemon
2021-01-27T20:13:11.988-0700 [DEBUG] [org.gradle.launcher.daemon.server.Daemon] awaitExpiration() called on daemon
2021-01-27T20:13:11.988-0700 [DEBUG] [org.gradle.launcher.daemon.server.DaemonStateCoordinator] daemon is running. Sleeping until state changes.
2021-01-27T20:13:11.994-0700 [DEBUG] [org.gradle.internal.remote.internal.inet.TcpIncomingConnector] Accepted connection from /127.0.0.1:41488 to /127.0.0.1:34041.
2021-01-27T20:13:12.038-0700 [DEBUG] [org.gradle.launcher.daemon.server.SynchronizedDispatchConnection] thread 27: received class org.gradle.launcher.daemon.protocol.Build
2021-01-27T20:13:12.038-0700 [DEBUG] [org.gradle.launcher.daemon.server.DefaultDaemonConnection] thread 27: Received non-IO message from client: Build{id=9ce880d5-8161-4219-a544-2344f6dd3244, currentDir=/home/garrett/git/gradle/gradle-skilldrill}
2021-01-27T20:13:12.038-0700 [INFO] [org.gradle.launcher.daemon.server.DefaultIncomingConnectionHandler] Received command: Build{id=9ce880d5-8161-4219-a544-2344f6dd3244, currentDir=/home/garrett/git/gradle/gradle-skilldrill}.
2021-01-27T20:13:12.039-0700 [DEBUG] [org.gradle.launcher.daemon.server.DefaultIncomingConnectionHandler] Starting executing command: Build{id=9ce880d5-8161-4219-a544-2344f6dd3244, currentDir=/home/garrett/git/gradle/gradle-skilldrill} with connection: socket connection from /127.0.0.1:34041 to /127.0.0.1:41488.
2021-01-27T20:13:12.041-0700 [ERROR] [org.gradle.launcher.daemon.server.DaemonStateCoordinator] Command execution: started DaemonCommandExecution[command = Build{id=9ce880d5-8161-4219-a544-2344f6dd3244, currentDir=/home/garrett/git/gradle/gradle-skilldrill}, connection = DefaultDaemonConnection: socket connection from /127.0.0.1:34041 to /127.0.0.1:41488] after 0.0 minutes of idle
2021-01-27T20:13:12.042-0700 [INFO] [org.gradle.launcher.daemon.server.DaemonRegistryUpdater] Marking the daemon as busy, address: [95411a03-1f6a-4cd7-81f6-c096c5968688 port:34041, addresses:[localhost/127.0.0.1]]
2021-01-27T20:13:12.042-0700 [DEBUG] [org.gradle.launcher.daemon.registry.PersistentDaemonRegistry] Marking busy by address: [95411a03-1f6a-4cd7-81f6-c096c5968688 port:34041, addresses:[localhost/127.0.0.1]]
2021-01-27T20:13:12.043-0700 [DEBUG] [org.gradle.cache.internal.DefaultFileLockManager] Waiting to acquire exclusive lock on daemon addresses registry.
2021-01-27T20:13:12.043-0700 [DEBUG] [org.gradle.cache.internal.DefaultFileLockManager] Lock acquired on daemon addresses registry.
2021-01-27T20:13:12.044-0700 [DEBUG] [org.gradle.cache.internal.DefaultFileLockManager] Releasing lock on daemon addresses registry.
2021-01-27T20:13:12.045-0700 [DEBUG] [org.gradle.launcher.daemon.server.DaemonStateCoordinator] resetting idle timer
2021-01-27T20:13:12.045-0700 [DEBUG] [org.gradle.launcher.daemon.server.DaemonStateCoordinator] daemon is running. Sleeping until state changes.
2021-01-27T20:13:12.045-0700 [INFO] [org.gradle.launcher.daemon.server.exec.StartBuildOrRespondWithBusy] Daemon is about to start building Build{id=9ce880d5-8161-4219-a544-2344f6dd3244, currentDir=/home/garrett/git/gradle/gradle-skilldrill}. Dispatching build started information...
2021-01-27T20:13:12.046-0700 [DEBUG] [org.gradle.launcher.daemon.server.SynchronizedDispatchConnection] thread 29: dispatching org.gradle.launcher.daemon.protocol.BuildStarted@76db20c5
2021-01-27T20:13:12.048-0700 [DEBUG] [org.gradle.launcher.daemon.server.exec.EstablishBuildEnvironment] Configuring env variables: {PATH=/opt/gradle/latest/bin:/usr/local/sbin:/usr/local/bin:/usr/sbin:/usr/bin:/sbin:/bin:/usr/games:/usr/local/games:/snap/bin, XAUTHORITY=/run/user/1000/gdm/Xauthority, INVOCATION_ID=ff413e28bbcd46bdab119a074899afea, XMODIFIERS=@im=ibus, GDMSESSION=ubuntu, XDG_DATA_DIRS=/usr/share/ubuntu:/usr/local/share/:/usr/share/:/var/lib/snapd/desktop, SNAP_COMMON=/var/snap/intellij-idea-community/common, SNAP_INSTANCE_KEY=, DBUS_SESSION_BUS_ADDRESS=unix:path=/run/user/1000/bus, SNAP_USER_COMMON=/home/garrett/snap/intellij-idea-community/common, SNAP_REVISION=273, XDG_CURRENT_DESKTOP=ubuntu:GNOME, JOURNAL_STREAM=8:1464825, SSH_AGENT_PID=145270, USERNAME=garrett, SESSION_MANAGER=local/Delta3:@/tmp/.ICE-unix/145307,unix/Delta3:/tmp/.ICE-unix/145307, LOGNAME=garrett, PWD=/home/garrett, MANAGERPID=145084, IM_CONFIG_PHASE=1, GJS_DEBUG_TOPICS=JS ERROR;JS LOG, SHELL=/bin/bash, GIO_LAUNCHED_DESKTOP_FILE=/var/lib/snapd/desktop/applications/intellij-idea-community_intellij-idea-community.desktop, OLDPWD=/snap/intellij-idea-community/273/bin, BAMF_DESKTOP_FILE_HINT=/var/lib/snapd/desktop/applications/intellij-idea-community_intellij-idea-community.desktop, GNOME_DESKTOP_SESSION_ID=this-is-deprecated, GTK_MODULES=gail:atk-bridge, SNAP_ARCH=amd64, SNAP_LIBRARY_PATH=/var/lib/snapd/lib/gl:/var/lib/snapd/lib/gl32:/var/lib/snapd/void, XDG_SESSION_DESKTOP=ubuntu, SHLVL=0, SNAP_NAME=intellij-idea-community, QT_IM_MODULE=ibus, JAVA_HOME=/usr/lib/jvm/java-11-openjdk-amd64, XDG_CONFIG_DIRS=/etc/xdg/xdg-ubuntu:/etc/xdg, LANG=en_US.UTF-8, SNAP_INSTANCE_NAME=intellij-idea-community, XDG_SESSION_TYPE=x11, GRADLE_HOME=/opt/gradle/gradle-6.8.1/bin, SNAP_USER_DATA=/home/garrett/snap/intellij-idea-community/273, DISPLAY=:1, SNAP_REEXEC=, SNAP_VERSION=2020.3.2, _=/usr/bin/dbus-update-activation-environment, XDG_SESSION_CLASS=user, SNAP_DATA=/var/snap/intellij-idea-community/273, GPG_AGENT_INFO=/run/user/1000/gnupg/S.gpg-agent:0:1, DESKTOP_SESSION=ubuntu, SNAP=/snap/intellij-idea-community/273, USER=garrett, SNAP_REAL_HOME=/home/garrett, XDG_MENU_PREFIX=gnome-, GIO_LAUNCHED_DESKTOP_FILE_PID=295156, WINDOWPATH=2, QT_ACCESSIBILITY=1, GJS_DEBUG_OUTPUT=stderr, SSH_AUTH_SOCK=/run/user/1000/keyring/ssh, GNOME_SHELL_SESSION_MODE=ubuntu, SNAP_CONTEXT=j4JyxFRmTkHR3OR-EEoBN5GqM-QnTOVZBhzMoIEQeHq181h62wPq, XDG_RUNTIME_DIR=/run/user/1000, HOME=/home/garrett, SNAP_COOKIE=j4JyxFRmTkHR3OR-EEoBN5GqM-QnTOVZBhzMoIEQeHq181h62wPq}
2021-01-27T20:13:12.054-0700 [DEBUG] [org.gradle.launcher.daemon.server.exec.LogToClient] About to start relaying all logs to the client via the connection.
2021-01-27T20:13:12.054-0700 [INFO] [org.gradle.launcher.daemon.server.exec.LogToClient] The client will now receive all logging from the daemon (pid: 295944). The daemon log file: /home/garrett/git/gradle/gradle-skilldrill/daemon/6.6.1/daemon-295944.out.log
2021-01-27T20:13:12.056-0700 [INFO] [org.gradle.launcher.daemon.server.exec.LogAndCheckHealth] Starting build in new daemon [memory: 536.9 MB]
2021-01-27T20:13:12.059-0700 [DEBUG] [org.gradle.launcher.daemon.server.exec.ExecuteBuild] The daemon has started executing the build.
2021-01-27T20:13:12.059-0700 [DEBUG] [org.gradle.launcher.daemon.server.exec.ExecuteBuild] Executing build with daemon context: DefaultDaemonContext[uid=66d240bb-3631-41e3-8a90-25d37e8c753a,javaHome=/usr/lib/jvm/java-11-openjdk-amd64,daemonRegistryDir=/home/garrett/git/gradle/gradle-skilldrill/daemon,pid=295944,idleTimeout=10800000,priority=NORMAL,daemonOpts=--add-opens,java.base/java.util=ALL-UNNAMED,--add-opens,java.base/java.lang=ALL-UNNAMED,--add-opens,java.base/java.lang.invoke=ALL-UNNAMED,--add-opens,java.prefs/java.util.prefs=ALL-UNNAMED,-XX:MaxMetaspaceSize=256m,-XX:+HeapDumpOnOutOfMemoryError,-Xms256m,-Xmx512m,-Dfile.encoding=UTF-8,-Duser.country=US,-Duser.language=en,-Duser.variant]
Project : => 'cs2263main' Java module

BUILD SUCCESSFUL in 18s
1 actionable task: 1 up-to-date
2021-01-27T20:13:30.305-0700 [DEBUG] [org.gradle.launcher.daemon.server.exec.ExecuteBuild] The daemon has finished executing the build.
2021-01-27T20:13:30.308-0700 [DEBUG] [org.gradle.launcher.daemon.server.DaemonStateCoordinator] daemon is running. Sleeping until state changes.
2021-01-27T20:13:30.309-0700 [DEBUG] [org.gradle.launcher.daemon.server.DaemonStateCoordinator] Command execution: finished waiting for DaemonCommandExecution[command = Build{id=9ce880d5-8161-4219-a544-2344f6dd3244, currentDir=/home/garrett/git/gradle/gradle-skilldrill}, connection = DefaultDaemonConnection: socket connection from /127.0.0.1:34041 to /127.0.0.1:41488]. Result org.gradle.launcher.daemon.server.DaemonStateCoordinator@6afbd201 with state Busy
2021-01-27T20:13:30.309-0700 [DEBUG] [org.gradle.launcher.daemon.server.DaemonStateCoordinator] Command execution: completed DaemonCommandExecution[command = Build{id=9ce880d5-8161-4219-a544-2344f6dd3244, currentDir=/home/garrett/git/gradle/gradle-skilldrill}, connection = DefaultDaemonConnection: socket connection from /127.0.0.1:34041 to /127.0.0.1:41488]
2021-01-27T20:13:30.309-0700 [DEBUG] [org.gradle.launcher.daemon.server.DaemonStateCoordinator] resetting idle timer
2021-01-27T20:13:30.309-0700 [INFO] [org.gradle.launcher.daemon.server.DaemonRegistryUpdater] Marking the daemon as idle, address: [95411a03-1f6a-4cd7-81f6-c096c5968688 port:34041, addresses:[localhost/127.0.0.1]]
2021-01-27T20:13:30.309-0700 [DEBUG] [org.gradle.launcher.daemon.registry.PersistentDaemonRegistry] Marking busy by address: [95411a03-1f6a-4cd7-81f6-c096c5968688 port:34041, addresses:[localhost/127.0.0.1]]
2021-01-27T20:13:30.309-0700 [DEBUG] [org.gradle.cache.internal.DefaultFileLockManager] Waiting to acquire exclusive lock on daemon addresses registry.
2021-01-27T20:13:30.310-0700 [DEBUG] [org.gradle.cache.internal.DefaultFileLockManager] Lock acquired on daemon addresses registry.
2021-01-27T20:13:30.310-0700 [DEBUG] [org.gradle.cache.internal.DefaultFileLockManager] Releasing lock on daemon addresses registry.
2021-01-27T20:13:30.310-0700 [DEBUG] [org.gradle.launcher.daemon.server.DaemonStateCoordinator] daemon is running. Sleeping until state changes.
2021-01-27T20:13:30.310-0700 [DEBUG] [org.gradle.launcher.daemon.server.exec.ReturnResult] Daemon is dispatching the build result: Success[value=org.gradle.launcher.exec.BuildActionResult@194cc67a]
2021-01-27T20:13:30.310-0700 [DEBUG] [org.gradle.launcher.daemon.server.SynchronizedDispatchConnection] thread 26: dispatching Success[value=org.gradle.launcher.exec.BuildActionResult@194cc67a]
2021-01-27T20:13:30.311-0700 [DEBUG] [org.gradle.launcher.daemon.server.DefaultIncomingConnectionHandler] Finishing executing command: Build{id=9ce880d5-8161-4219-a544-2344f6dd3244, currentDir=/home/garrett/git/gradle/gradle-skilldrill}
2021-01-27T20:13:30.312-0700 [DEBUG] [org.gradle.launcher.daemon.server.SynchronizedDispatchConnection] thread 27: received class org.gradle.launcher.daemon.protocol.CloseInput
2021-01-27T20:13:30.312-0700 [DEBUG] [org.gradle.launcher.daemon.server.DefaultDaemonConnection] thread 27: Received IO message from client: org.gradle.launcher.daemon.protocol.CloseInput@68a4ea2b
2021-01-27T20:13:30.313-0700 [DEBUG] [org.gradle.launcher.daemon.server.SynchronizedDispatchConnection] thread 27: received class org.gradle.launcher.daemon.protocol.Finished
2021-01-27T20:13:30.313-0700 [DEBUG] [org.gradle.launcher.daemon.server.DefaultDaemonConnection] thread 27: Received non-IO message from client: org.gradle.launcher.daemon.protocol.Finished@c88304e
2021-01-27T20:13:30.313-0700 [DEBUG] [org.gradle.launcher.daemon.server.DefaultIncomingConnectionHandler] Received finished message: org.gradle.launcher.daemon.protocol.Finished@c88304e
2021-01-27T20:13:30.313-0700 [DEBUG] [org.gradle.launcher.daemon.server.SynchronizedDispatchConnection] thread 26: stopping connection
2021-01-27T20:13:30.313-0700 [DEBUG] [org.gradle.internal.remote.internal.inet.SocketConnection] Discarding EOFException: java.io.EOFException
2021-01-27T20:13:30.313-0700 [DEBUG] [org.gradle.launcher.daemon.server.SynchronizedDispatchConnection] thread 27: received null
2021-01-27T20:13:30.313-0700 [DEBUG] [org.gradle.launcher.daemon.server.DefaultDaemonConnection] thread 27: Received end-of-input from client.
2021-01-27T20:13:30.314-0700 [DEBUG] [org.gradle.launcher.daemon.server.SynchronizedDispatchConnection] thread 26: stopping connection
2021-01-27T20:13:31.988-0700 [DEBUG] [org.gradle.cache.internal.DefaultFileLockManager] Waiting to acquire shared lock on daemon addresses registry.
2021-01-27T20:13:31.988-0700 [DEBUG] [org.gradle.cache.internal.DefaultFileLockManager] Lock acquired on daemon addresses registry.
2021-01-27T20:13:31.989-0700 [DEBUG] [org.gradle.cache.internal.DefaultFileLockManager] Releasing lock on daemon addresses registry.
2021-01-27T20:13:31.989-0700 [DEBUG] [org.gradle.cache.internal.DefaultFileLockManager] Waiting to acquire shared lock on daemon addresses registry.
2021-01-27T20:13:31.989-0700 [DEBUG] [org.gradle.cache.internal.DefaultFileLockManager] Lock acquired on daemon addresses registry.
2021-01-27T20:13:31.989-0700 [DEBUG] [org.gradle.cache.internal.DefaultFileLockManager] Releasing lock on daemon addresses registry.
2021-01-27T20:13:41.988-0700 [DEBUG] [org.gradle.cache.internal.DefaultFileLockManager] Waiting to acquire shared lock on daemon addresses registry.
2021-01-27T20:13:41.988-0700 [DEBUG] [org.gradle.cache.internal.DefaultFileLockManager] Lock acquired on daemon addresses registry.
2021-01-27T20:13:41.989-0700 [DEBUG] [org.gradle.cache.internal.DefaultFileLockManager] Releasing lock on daemon addresses registry.
2021-01-27T20:13:41.989-0700 [DEBUG] [org.gradle.cache.internal.DefaultFileLockManager] Waiting to acquire shared lock on daemon addresses registry.
2021-01-27T20:13:41.989-0700 [DEBUG] [org.gradle.cache.internal.DefaultFileLockManager] Lock acquired on daemon addresses registry.
2021-01-27T20:13:41.989-0700 [DEBUG] [org.gradle.cache.internal.DefaultFileLockManager] Releasing lock on daemon addresses registry.
2021-01-27T20:13:41.990-0700 [DEBUG] [org.gradle.cache.internal.DefaultFileLockManager] Waiting to acquire shared lock on daemon addresses registry.
2021-01-27T20:13:41.990-0700 [DEBUG] [org.gradle.cache.internal.DefaultFileLockManager] Lock acquired on daemon addresses registry.
2021-01-27T20:13:41.990-0700 [DEBUG] [org.gradle.cache.internal.DefaultFileLockManager] Releasing lock on daemon addresses registry.
2021-01-27T20:13:41.990-0700 [DEBUG] [org.gradle.cache.internal.DefaultFileLockManager] Waiting to acquire shared lock on daemon addresses registry.
2021-01-27T20:13:41.990-0700 [DEBUG] [org.gradle.cache.internal.DefaultFileLockManager] Lock acquired on daemon addresses registry.
2021-01-27T20:13:41.991-0700 [DEBUG] [org.gradle.cache.internal.DefaultFileLockManager] Releasing lock on daemon addresses registry.
2021-01-27T20:13:41.991-0700 [DEBUG] [org.gradle.launcher.daemon.server.DaemonRegistryUpdater] Storing daemon stop event: other compatible daemons were started and after being idle for 0 minutes and not recently used
2021-01-27T20:13:41.992-0700 [DEBUG] [org.gradle.launcher.daemon.registry.PersistentDaemonRegistry] Storing daemon stop event with timestamp 1611803621992
2021-01-27T20:13:41.992-0700 [DEBUG] [org.gradle.cache.internal.DefaultFileLockManager] Waiting to acquire exclusive lock on daemon addresses registry.
2021-01-27T20:13:41.992-0700 [DEBUG] [org.gradle.cache.internal.DefaultFileLockManager] Lock acquired on daemon addresses registry.
2021-01-27T20:13:41.993-0700 [DEBUG] [org.gradle.cache.internal.DefaultFileLockManager] Releasing lock on daemon addresses registry.
2021-01-27T20:13:41.993-0700 [LIFECYCLE] [org.gradle.launcher.daemon.server.DaemonStateCoordinator] Daemon will be stopped at the end of the build other compatible daemons were started and after being idle for 0 minutes and not recently used
2021-01-27T20:13:41.993-0700 [DEBUG] [org.gradle.launcher.daemon.server.DaemonStateCoordinator] Marking daemon stopped due to other compatible daemons were started and after being idle for 0 minutes and not recently used. The daemon is running a build: false
2021-01-27T20:13:41.993-0700 [DEBUG] [org.gradle.launcher.daemon.server.DaemonStateCoordinator] daemon has stopped.
2021-01-27T20:13:41.993-0700 [DEBUG] [org.gradle.launcher.daemon.server.Daemon] stop() called on daemon
2021-01-27T20:13:41.993-0700 [INFO] [org.gradle.launcher.daemon.server.Daemon] Stop requested. Daemon is removing its presence from the registry...
2021-01-27T20:13:41.994-0700 [DEBUG] [org.gradle.launcher.daemon.server.DaemonRegistryUpdater] Removing our presence to clients, eg. removing this address from the registry: [95411a03-1f6a-4cd7-81f6-c096c5968688 port:34041, addresses:[localhost/127.0.0.1]]
2021-01-27T20:13:41.994-0700 [DEBUG] [org.gradle.launcher.daemon.registry.PersistentDaemonRegistry] Removing daemon address: [95411a03-1f6a-4cd7-81f6-c096c5968688 port:34041, addresses:[localhost/127.0.0.1]]
2021-01-27T20:13:41.994-0700 [DEBUG] [org.gradle.cache.internal.DefaultFileLockManager] Waiting to acquire exclusive lock on daemon addresses registry.
2021-01-27T20:13:41.994-0700 [DEBUG] [org.gradle.cache.internal.DefaultFileLockManager] Lock acquired on daemon addresses registry.
2021-01-27T20:13:41.996-0700 [DEBUG] [org.gradle.cache.internal.DefaultFileLockManager] Releasing lock on daemon addresses registry.
2021-01-27T20:13:41.996-0700 [DEBUG] [org.gradle.launcher.daemon.server.DaemonRegistryUpdater] Address removed from registry.
2021-01-27T20:13:42.000-0700 [DEBUG] [org.gradle.cache.internal.LockOnDemandCrossProcessCacheAccess] Releasing file lock for jars (/home/garrett/git/gradle/gradle-skilldrill/caches/jars-8)
2021-01-27T20:13:42.000-0700 [DEBUG] [org.gradle.cache.internal.DefaultFileLockManager] Releasing lock on jars (/home/garrett/git/gradle/gradle-skilldrill/caches/jars-8).
2021-01-27T20:13:42.000-0700 [DEBUG] [org.gradle.cache.internal.DefaultCacheAccess] Cache jars (/home/garrett/git/gradle/gradle-skilldrill/caches/jars-8) was closed 3 times.
2021-01-27T20:13:42.002-0700 [DEBUG] [org.gradle.cache.internal.LockOnDemandCrossProcessCacheAccess] Releasing file lock for file content cache (/home/garrett/git/gradle/gradle-skilldrill/caches/6.6.1/fileContent)
2021-01-27T20:13:42.002-0700 [DEBUG] [org.gradle.cache.internal.DefaultFileLockManager] Releasing lock on file content cache (/home/garrett/git/gradle/gradle-skilldrill/caches/6.6.1/fileContent).
2021-01-27T20:13:42.002-0700 [DEBUG] [org.gradle.cache.internal.DefaultCacheAccess] Cache file content cache (/home/garrett/git/gradle/gradle-skilldrill/caches/6.6.1/fileContent) was closed 2 times.
2021-01-27T20:13:42.003-0700 [DEBUG] [org.gradle.cache.internal.DefaultCacheAccess] Cache Artifact transforms cache (/home/garrett/git/gradle/gradle-skilldrill/caches/transforms-2) was closed 0 times.
2021-01-27T20:13:42.003-0700 [DEBUG] [org.gradle.cache.internal.DefaultCacheAccess] Cache artifact cache (/home/garrett/git/gradle/gradle-skilldrill/caches/modules-2) was closed 38 times.
2021-01-27T20:13:42.003-0700 [DEBUG] [org.gradle.cache.internal.DefaultCacheAccess] Cache Generated Gradle JARs cache (/home/garrett/git/gradle/gradle-skilldrill/caches/6.6.1/generated-gradle-jars) was closed 0 times.
2021-01-27T20:13:42.003-0700 [DEBUG] [org.gradle.cache.internal.DefaultCacheAccess] Cache journal cache (/home/garrett/git/gradle/gradle-skilldrill/caches/journal-1) was closed 16 times.
2021-01-27T20:13:42.004-0700 [DEBUG] [org.gradle.cache.internal.LockOnDemandCrossProcessCacheAccess] Releasing file lock for file hash cache (/home/garrett/git/gradle/gradle-skilldrill/caches/6.6.1/fileHashes)
2021-01-27T20:13:42.004-0700 [DEBUG] [org.gradle.cache.internal.btree.BTreePersistentIndexedCache] Closing cache fileHashes.bin (/home/garrett/git/gradle/gradle-skilldrill/caches/6.6.1/fileHashes/fileHashes.bin)
2021-01-27T20:13:42.004-0700 [DEBUG] [org.gradle.cache.internal.btree.BTreePersistentIndexedCache] Closing cache resourceHashesCache.bin (/home/garrett/git/gradle/gradle-skilldrill/caches/6.6.1/fileHashes/resourceHashesCache.bin)
2021-01-27T20:13:42.004-0700 [DEBUG] [org.gradle.cache.internal.DefaultFileLockManager] Releasing lock on file hash cache (/home/garrett/git/gradle/gradle-skilldrill/caches/6.6.1/fileHashes).
2021-01-27T20:13:42.004-0700 [DEBUG] [org.gradle.cache.internal.DefaultCacheAccess] Cache file hash cache (/home/garrett/git/gradle/gradle-skilldrill/caches/6.6.1/fileHashes) was closed 4 times.
2021-01-27T20:13:42.013-0700 [DEBUG] [org.gradle.cache.internal.VersionSpecificCacheCleanupAction] Processed version-specific caches at /home/garrett/git/gradle/gradle-skilldrill/caches for cleanup in 0.007 secs
Daemon vm is shutting down... The daemon has exited normally or was terminated in response to a user interrupt.
2021-01-27T20:13:42.014-0700 [DEBUG] [org.gradle.launcher.daemon.registry.PersistentDaemonRegistry] Removing daemon address: [95411a03-1f6a-4cd7-81f6-c096c5968688 port:34041, addresses:[localhost/127.0.0.1]]
2021-01-27T20:13:42.014-0700 [DEBUG] [org.gradle.cache.internal.DefaultFileLockManager] Waiting to acquire exclusive lock on daemon addresses registry.
2021-01-27T20:13:42.015-0700 [DEBUG] [org.gradle.cache.internal.DefaultFileLockManager] Lock acquired on daemon addresses registry.
2021-01-27T20:13:42.015-0700 [DEBUG] [org.gradle.cache.internal.DefaultFileLockManager] Releasing lock on daemon addresses registry.
